<?xml version="1.0" encoding="UTF-8"?>
<testng-results skipped="0" failed="0" ignored="0" total="1" passed="1">
  <reporter-output>
  </reporter-output>
  <suite name="Suite" duration-ms="8372" started-at="2023-02-09T13:11:44 IST" finished-at="2023-02-09T13:11:53 IST">
    <groups>
    </groups>
    <test name="Test" duration-ms="8372" started-at="2023-02-09T13:11:44 IST" finished-at="2023-02-09T13:11:53 IST">
      <class name="scripts.LoginScript">
        <test-method status="PASS" signature="setPath()[pri:0, instance:scripts.LoginScript@6ec8211c]" name="setPath" is-config="true" duration-ms="20" started-at="2023-02-09T13:11:44 IST" finished-at="2023-02-09T13:11:44 IST">
          <reporter-output>
          </reporter-output>
        </test-method> <!-- setPath -->
        <test-method status="PASS" signature="launchBrowser(java.lang.String)[pri:0, instance:scripts.LoginScript@6ec8211c]" name="launchBrowser" is-config="true" duration-ms="6979" started-at="2023-02-09T13:11:44 IST" finished-at="2023-02-09T13:11:51 IST">
          <params>
            <param index="0">
              <value>
                <![CDATA[chrome]]>
              </value>
            </param>
          </params>
          <reporter-output>
          </reporter-output>
        </test-method> <!-- launchBrowser -->
        <test-method status="PASS" signature="loginTest()[pri:0, instance:scripts.LoginScript@6ec8211c]" name="loginTest" duration-ms="492" started-at="2023-02-09T13:11:51 IST" finished-at="2023-02-09T13:11:52 IST">
          <reporter-output>
          </reporter-output>
        </test-method> <!-- loginTest -->
        <test-method status="PASS" signature="closeBrowser()[pri:0, instance:scripts.LoginScript@6ec8211c]" name="closeBrowser" is-config="true" duration-ms="814" started-at="2023-02-09T13:11:52 IST" finished-at="2023-02-09T13:11:53 IST">
          <reporter-output>
          </reporter-output>
        </test-method> <!-- closeBrowser -->
        <test-method status="PASS" signature="killtask()[pri:0, instance:scripts.LoginScript@6ec8211c]" name="killtask" is-config="true" duration-ms="10" started-at="2023-02-09T13:11:53 IST" finished-at="2023-02-09T13:11:53 IST">
          <reporter-output>
          </reporter-output>
        </test-method> <!-- killtask -->
      </class> <!-- scripts.LoginScript -->
    </test> <!-- Test -->
  </suite> <!-- Suite -->
</testng-results>
